TN:
SF:src/App.vue
FN:6,increment
FNF:1
FNH:1
FNDA:4,increment
DA:2,1
DA:4,1
DA:5,1
DA:6,4
DA:7,4
DA:8,4
DA:12,1
DA:13,1
DA:14,1
DA:15,1
LF:10
LH:10
BRDA:6,0,0,4
BRF:1
BRH:1
end_of_record
TN:
SF:src/main.js
FN:1,(empty-report)
FNF:1
FNH:0
FNDA:0,(empty-report)
DA:1,0
DA:2,0
DA:3,0
DA:5,0
LF:4
LH:0
BRDA:1,0,0,0
BRF:1
BRH:0
end_of_record
TN:
SF:src/components/HelloWorld.vue
FN:16,onClick._cache.<computed>._cache.<computed>
FNF:1
FNH:1
FNDA:4,onClick._cache.<computed>._cache.<computed>
DA:2,1
DA:7,1
DA:9,1
DA:13,1
DA:15,1
DA:16,1
DA:17,1
DA:19,1
DA:20,1
DA:21,1
DA:23,1
DA:25,1
DA:26,1
DA:27,1
DA:28,1
DA:29,1
DA:31,1
DA:32,1
DA:33,1
DA:34,1
DA:35,1
DA:36,1
DA:37,1
LF:23
LH:23
BRDA:16,0,0,6
BRDA:37,1,0,6
BRDA:16,2,0,4
BRF:3
BRH:3
end_of_record
TN:
SF:src/components/NewComponent.vue
FN:1,(empty-report)
FNF:1
FNH:1
FNDA:1,(empty-report)
DA:2,0
DA:4,0
DA:12,0
DA:13,0
DA:15,0
DA:16,0
DA:17,0
DA:19,0
DA:20,0
DA:21,0
DA:23,0
DA:24,0
DA:25,0
DA:29,0
DA:30,0
DA:31,0
DA:32,0
DA:33,0
DA:34,0
DA:35,0
DA:36,0
DA:37,0
DA:38,0
DA:39,0
DA:40,0
LF:25
LH:0
BRDA:1,0,0,1
BRF:1
BRH:1
end_of_record
